app/build/intermediates/manifest_merge_blame_file/debug/manifest-merger-blame-debug-report.txt
1<?xml version="1.0" encoding="utf-8"?>
2<!--
3 *******************************************************************************
4 *
5 * Copyright (C) 2016-2018 Dialog Semiconductor.
6 * This computer program includes Confidential, Proprietary Information
7 * of Dialog Semiconductor. All Rights Reserved.
8 *
9 *******************************************************************************
10-->
11<manifest xmlns:android="http://schemas.android.com/apk/res/android"
12    package="com.dialog.wearables"
13    android:versionCode="20"
14    android:versionName="3.250.14" >
15
16    <uses-sdk
17        android:minSdkVersion="19"
17-->src\main\AndroidManifest.xml
18        android:targetSdkVersion="26" />
18-->src\main\AndroidManifest.xml
19
20    <uses-feature
20-->src\main\AndroidManifest.xml:15:5-17:35
21        android:name="android.hardware.bluetooth_le"
21-->src\main\AndroidManifest.xml:16:9-53
22        android:required="true" />
22-->src\main\AndroidManifest.xml:17:9-32
23
24    <uses-permission android:name="android.permission.BLUETOOTH" />
24-->src\main\AndroidManifest.xml:19:5-68
24-->src\main\AndroidManifest.xml:19:22-65
25    <uses-permission android:name="android.permission.BLUETOOTH_ADMIN" />
25-->src\main\AndroidManifest.xml:20:5-74
25-->src\main\AndroidManifest.xml:20:22-71
26    <uses-permission android:name="android.permission.READ_EXTERNAL_STORAGE" />
26-->src\main\AndroidManifest.xml:21:5-80
26-->src\main\AndroidManifest.xml:21:22-77
27    <uses-permission android:name="android.permission.WRITE_EXTERNAL_STORAGE" />
27-->src\main\AndroidManifest.xml:22:5-81
27-->src\main\AndroidManifest.xml:22:22-78
28
29    <uses-permission-sdk-23 android:name="android.permission.ACCESS_COARSE_LOCATION" />
29-->src\main\AndroidManifest.xml:23:5-87
29-->src\main\AndroidManifest.xml:23:29-85
30
31    <uses-permission android:name="android.permission.INTERNET" />
31-->src\main\AndroidManifest.xml:24:5-66
31-->src\main\AndroidManifest.xml:24:22-64
32    <uses-permission android:name="android.permission.ACCESS_NETWORK_STATE" />
32-->src\main\AndroidManifest.xml:25:5-79
32-->src\main\AndroidManifest.xml:25:22-76
33    <uses-permission android:name="android.permission.RECORD_AUDIO" />
33-->[:avsclient] AndroidManifest.xml:14:5-71
33-->[:avsclient] AndroidManifest.xml:14:22-68
34    <uses-permission android:name="android.permission.WAKE_LOCK" />
34-->[:avsclient] AndroidManifest.xml:15:5-68
34-->[:avsclient] AndroidManifest.xml:15:22-65
35    <uses-permission android:name="com.android.alarm.permission.SET_ALARM" />
35-->[:avsclient] AndroidManifest.xml:16:5-78
35-->[:avsclient] AndroidManifest.xml:16:22-75
36
37    <application
37-->src\main\AndroidManifest.xml:27:5-74:19
38        android:name="com.dialog.wearables.IotSensorsApplication"
38-->src\main\AndroidManifest.xml:28:9-46
39        android:allowBackup="true"
39-->src\main\AndroidManifest.xml:29:9-35
40        android:debuggable="true"
41        android:icon="@mipmap/ic_launcher"
41-->src\main\AndroidManifest.xml:30:9-43
42        android:label="@string/app_name"
42-->src\main\AndroidManifest.xml:31:9-41
43        android:resizeableActivity="false"
43-->src\main\AndroidManifest.xml:33:9-43
44        android:supportsRtl="true"
44-->[com.crystal:crystalrangeseekbar:1.1.3] AndroidManifest.xml:14:9-35
45        android:testOnly="true"
46        android:theme="@style/AppTheme" >
46-->src\main\AndroidManifest.xml:32:9-40
47        <activity
47-->src\main\AndroidManifest.xml:36:9-45:20
48            android:name="com.dialog.wearables.activities.SplashActivity"
48-->src\main\AndroidManifest.xml:37:13-54
49            android:configChanges="keyboard|keyboardHidden|navigation"
49-->src\main\AndroidManifest.xml:39:13-71
50            android:screenOrientation="portrait"
50-->src\main\AndroidManifest.xml:38:13-49
51            android:theme="@style/Theme.AppCompat.Light.NoActionBar" >
51-->src\main\AndroidManifest.xml:40:13-69
52            <intent-filter>
52-->src\main\AndroidManifest.xml:41:13-44:29
53                <action android:name="android.intent.action.MAIN" />
53-->src\main\AndroidManifest.xml:42:17-69
53-->src\main\AndroidManifest.xml:42:25-66
54
55                <category android:name="android.intent.category.LAUNCHER" />
55-->src\main\AndroidManifest.xml:43:17-77
55-->src\main\AndroidManifest.xml:43:27-74
56            </intent-filter>
57        </activity>
58        <activity
58-->src\main\AndroidManifest.xml:47:9-50:74
59            android:name="com.dialog.wearables.activities.MainActivity"
59-->src\main\AndroidManifest.xml:48:13-52
60            android:configChanges="keyboard|keyboardHidden|navigation"
60-->src\main\AndroidManifest.xml:50:13-71
61            android:screenOrientation="portrait" />
61-->src\main\AndroidManifest.xml:49:13-49
62        <activity
62-->src\main\AndroidManifest.xml:51:9-55:50
63            android:name="com.dialog.wearables.activities.MenuHolderActivity"
63-->src\main\AndroidManifest.xml:52:13-58
64            android:configChanges="keyboard|keyboardHidden|navigation"
64-->src\main\AndroidManifest.xml:54:13-71
65            android:screenOrientation="portrait"
65-->src\main\AndroidManifest.xml:53:13-49
66            android:theme="@style/DrawerTheme" />
66-->src\main\AndroidManifest.xml:55:13-47
67        <activity
67-->src\main\AndroidManifest.xml:56:9-59:74
68            android:name="com.dialog.wearables.activities.CloudActivity"
68-->src\main\AndroidManifest.xml:57:13-53
69            android:configChanges="keyboard|keyboardHidden|navigation"
69-->src\main\AndroidManifest.xml:59:13-71
70            android:screenOrientation="portrait" />
70-->src\main\AndroidManifest.xml:58:13-49
71        <activity android:name="com.dialog.wearables.activities.InfoActivity" />
71-->src\main\AndroidManifest.xml:60:9-61:55
71-->src\main\AndroidManifest.xml:61:13-52
72
73        <service android:name="org.eclipse.paho.android.service.MqttService" >
73-->src\main\AndroidManifest.xml:63:9-65:19
73-->src\main\AndroidManifest.xml:64:13-72
74        </service>
75
76        <!-- Cloud DataManager service -->
77        <service
77-->src\main\AndroidManifest.xml:68:9-72:19
78            android:name="com.dialog.wearables.cloud.DataManager"
78-->src\main\AndroidManifest.xml:69:13-66
79            android:enabled="true"
79-->src\main\AndroidManifest.xml:70:13-35
80            android:exported="false" >
80-->src\main\AndroidManifest.xml:71:13-37
81        </service>
82
83        <meta-data
83-->[com.android.support:design:26.1.0] AndroidManifest.xml:26:9-28:38
84            android:name="android.support.VERSION"
84-->[com.android.support:design:26.1.0] AndroidManifest.xml:27:13-51
85            android:value="26.1.0" /> <!-- Downchannel service -->
85-->[com.android.support:design:26.1.0] AndroidManifest.xml:28:13-35
86        <service
86-->[:avsclient] AndroidManifest.xml:25:9-28:36
87            android:name="com.yodiwo.amazonbasedavsclientlibrary.connection.DownChannelService"
87-->[:avsclient] AndroidManifest.xml:26:13-96
88            android:enabled="true" /> <!-- required so we can get back the result of our authentication -->
88-->[:avsclient] AndroidManifest.xml:27:13-35
89        <activity
89-->[:avsclient] AndroidManifest.xml:31:9-47:20
90            android:name="com.amazon.identity.auth.device.workflow.WorkflowActivity"
90-->[:avsclient] AndroidManifest.xml:32:13-85
91            android:allowTaskReparenting="true"
91-->[:avsclient] AndroidManifest.xml:33:13-48
92            android:launchMode="singleTask"
92-->[:avsclient] AndroidManifest.xml:34:13-44
93            android:theme="@android:style/Theme.NoDisplay" >
93-->[:avsclient] AndroidManifest.xml:35:13-59
94            <intent-filter>
94-->[:avsclient] AndroidManifest.xml:37:13-46:29
95                <action android:name="android.intent.action.VIEW" />
95-->[:avsclient] AndroidManifest.xml:38:17-69
95-->[:avsclient] AndroidManifest.xml:38:25-66
96
97                <category android:name="android.intent.category.DEFAULT" />
97-->[:avsclient] AndroidManifest.xml:40:17-76
97-->[:avsclient] AndroidManifest.xml:40:27-73
98                <category android:name="android.intent.category.BROWSABLE" />
98-->[:avsclient] AndroidManifest.xml:41:17-78
98-->[:avsclient] AndroidManifest.xml:41:27-75
99                <!-- android:host must use the full package name found in Manifest General Attributes -->
100                <data
100-->[:avsclient] AndroidManifest.xml:43:17-45:45
101                    android:host="com.dialog.wearables"
101-->[:avsclient] AndroidManifest.xml:44:21-52
102                    android:scheme="amzn" />
102-->[:avsclient] AndroidManifest.xml:45:21-42
103            </intent-filter>
104        </activity>
105
106        <meta-data
106-->[android.arch.lifecycle:runtime:1.0.0] AndroidManifest.xml:25:9-27:47
107            android:name="android.arch.lifecycle.VERSION"
107-->[android.arch.lifecycle:runtime:1.0.0] AndroidManifest.xml:26:13-58
108            android:value="27.0.0-SNAPSHOT" />
108-->[android.arch.lifecycle:runtime:1.0.0] AndroidManifest.xml:27:13-44
109    </application>
110
111</manifest>